<?xml version="1.0" encoding="UTF-8"?>
<testsuite xmlns:xsi="http://www.w3.org/2001/XMLSchema-instance" xsi:noNamespaceSchemaLocation="https://maven.apache.org/surefire/maven-surefire-plugin/xsd/surefire-test-report.xsd" name="com.gnz.blog.test.ArticleServiceTest" time="19.612" tests="2" errors="0" skipped="0" failures="0">
  <properties>
    <property name="sun.desktop" value="windows"/>
    <property name="awt.toolkit" value="sun.awt.windows.WToolkit"/>
    <property name="java.specification.version" value="11"/>
    <property name="sun.cpu.isalist" value="amd64"/>
    <property name="sun.jnu.encoding" value="GBK"/>
    <property name="java.class.path" value="D:\Software\ideaProject\blog\target\test-classes;D:\Software\ideaProject\blog\target\classes;D:\Software\mavenRepo\org\springframework\boot\spring-boot-starter\2.1.6.RELEASE\spring-boot-starter-2.1.6.RELEASE.jar;D:\Software\mavenRepo\org\springframework\boot\spring-boot\2.1.6.RELEASE\spring-boot-2.1.6.RELEASE.jar;D:\Software\mavenRepo\org\springframework\spring-context\5.1.8.RELEASE\spring-context-5.1.8.RELEASE.jar;D:\Software\mavenRepo\org\springframework\boot\spring-boot-autoconfigure\2.1.6.RELEASE\spring-boot-autoconfigure-2.1.6.RELEASE.jar;D:\Software\mavenRepo\org\springframework\boot\spring-boot-starter-logging\2.1.6.RELEASE\spring-boot-starter-logging-2.1.6.RELEASE.jar;D:\Software\mavenRepo\ch\qos\logback\logback-classic\1.2.3\logback-classic-1.2.3.jar;D:\Software\mavenRepo\ch\qos\logback\logback-core\1.2.3\logback-core-1.2.3.jar;D:\Software\mavenRepo\org\apache\logging\log4j\log4j-to-slf4j\2.11.2\log4j-to-slf4j-2.11.2.jar;D:\Software\mavenRepo\org\apache\logging\log4j\log4j-api\2.11.2\log4j-api-2.11.2.jar;D:\Software\mavenRepo\org\slf4j\jul-to-slf4j\1.7.26\jul-to-slf4j-1.7.26.jar;D:\Software\mavenRepo\javax\annotation\javax.annotation-api\1.3.2\javax.annotation-api-1.3.2.jar;D:\Software\mavenRepo\org\springframework\spring-core\5.1.8.RELEASE\spring-core-5.1.8.RELEASE.jar;D:\Software\mavenRepo\org\springframework\spring-jcl\5.1.8.RELEASE\spring-jcl-5.1.8.RELEASE.jar;D:\Software\mavenRepo\org\yaml\snakeyaml\1.23\snakeyaml-1.23.jar;D:\Software\mavenRepo\org\springframework\boot\spring-boot-starter-web\2.1.6.RELEASE\spring-boot-starter-web-2.1.6.RELEASE.jar;D:\Software\mavenRepo\org\springframework\boot\spring-boot-starter-json\2.1.6.RELEASE\spring-boot-starter-json-2.1.6.RELEASE.jar;D:\Software\mavenRepo\com\fasterxml\jackson\datatype\jackson-datatype-jdk8\2.9.9\jackson-datatype-jdk8-2.9.9.jar;D:\Software\mavenRepo\com\fasterxml\jackson\datatype\jackson-datatype-jsr310\2.9.9\jackson-datatype-jsr310-2.9.9.jar;D:\Software\mavenRepo\com\fasterxml\jackson\module\jackson-module-parameter-names\2.9.9\jackson-module-parameter-names-2.9.9.jar;D:\Software\mavenRepo\org\hibernate\validator\hibernate-validator\6.0.17.Final\hibernate-validator-6.0.17.Final.jar;D:\Software\mavenRepo\javax\validation\validation-api\2.0.1.Final\validation-api-2.0.1.Final.jar;D:\Software\mavenRepo\org\jboss\logging\jboss-logging\3.3.2.Final\jboss-logging-3.3.2.Final.jar;D:\Software\mavenRepo\com\fasterxml\classmate\1.4.0\classmate-1.4.0.jar;D:\Software\mavenRepo\org\springframework\spring-web\5.1.8.RELEASE\spring-web-5.1.8.RELEASE.jar;D:\Software\mavenRepo\org\springframework\spring-beans\5.1.8.RELEASE\spring-beans-5.1.8.RELEASE.jar;D:\Software\mavenRepo\org\springframework\spring-webmvc\5.1.8.RELEASE\spring-webmvc-5.1.8.RELEASE.jar;D:\Software\mavenRepo\org\springframework\spring-aop\5.1.8.RELEASE\spring-aop-5.1.8.RELEASE.jar;D:\Software\mavenRepo\org\springframework\spring-expression\5.1.8.RELEASE\spring-expression-5.1.8.RELEASE.jar;D:\Software\mavenRepo\org\springframework\boot\spring-boot-starter-undertow\2.1.6.RELEASE\spring-boot-starter-undertow-2.1.6.RELEASE.jar;D:\Software\mavenRepo\io\undertow\undertow-core\2.0.21.Final\undertow-core-2.0.21.Final.jar;D:\Software\mavenRepo\org\jboss\xnio\xnio-api\3.3.8.Final\xnio-api-3.3.8.Final.jar;D:\Software\mavenRepo\org\jboss\xnio\xnio-nio\3.3.8.Final\xnio-nio-3.3.8.Final.jar;D:\Software\mavenRepo\io\undertow\undertow-servlet\2.0.21.Final\undertow-servlet-2.0.21.Final.jar;D:\Software\mavenRepo\org\jboss\spec\javax\annotation\jboss-annotations-api_1.2_spec\1.0.2.Final\jboss-annotations-api_1.2_spec-1.0.2.Final.jar;D:\Software\mavenRepo\io\undertow\undertow-websockets-jsr\2.0.21.Final\undertow-websockets-jsr-2.0.21.Final.jar;D:\Software\mavenRepo\org\jboss\spec\javax\websocket\jboss-websocket-api_1.1_spec\1.1.4.Final\jboss-websocket-api_1.1_spec-1.1.4.Final.jar;D:\Software\mavenRepo\javax\servlet\javax.servlet-api\4.0.1\javax.servlet-api-4.0.1.jar;D:\Software\mavenRepo\org\glassfish\javax.el\3.0.0\javax.el-3.0.0.jar;D:\Software\mavenRepo\org\projectlombok\lombok\1.18.8\lombok-1.18.8.jar;D:\Software\mavenRepo\cn\hutool\hutool-all\4.6.1\hutool-all-4.6.1.jar;D:\Software\mavenRepo\com\github\xiaoymin\knife4j-spring-boot-starter\2.0.2\knife4j-spring-boot-starter-2.0.2.jar;D:\Software\mavenRepo\com\github\xiaoymin\knife4j-spring-boot-autoconfigure\2.0.2\knife4j-spring-boot-autoconfigure-2.0.2.jar;D:\Software\mavenRepo\com\github\xiaoymin\knife4j-spring\2.0.2\knife4j-spring-2.0.2.jar;D:\Software\mavenRepo\com\github\xiaoymin\knife4j-annotations\2.0.2\knife4j-annotations-2.0.2.jar;D:\Software\mavenRepo\com\github\xiaoymin\knife4j-core\2.0.2\knife4j-core-2.0.2.jar;D:\Software\mavenRepo\org\javassist\javassist\3.25.0-GA\javassist-3.25.0-GA.jar;D:\Software\mavenRepo\io\swagger\swagger-models\1.5.22\swagger-models-1.5.22.jar;D:\Software\mavenRepo\io\swagger\swagger-annotations\1.5.22\swagger-annotations-1.5.22.jar;D:\Software\mavenRepo\io\springfox\springfox-swagger2\2.9.2\springfox-swagger2-2.9.2.jar;D:\Software\mavenRepo\io\springfox\springfox-spi\2.9.2\springfox-spi-2.9.2.jar;D:\Software\mavenRepo\io\springfox\springfox-core\2.9.2\springfox-core-2.9.2.jar;D:\Software\mavenRepo\io\springfox\springfox-schema\2.9.2\springfox-schema-2.9.2.jar;D:\Software\mavenRepo\io\springfox\springfox-swagger-common\2.9.2\springfox-swagger-common-2.9.2.jar;D:\Software\mavenRepo\io\springfox\springfox-spring-web\2.9.2\springfox-spring-web-2.9.2.jar;D:\Software\mavenRepo\com\google\guava\guava\20.0\guava-20.0.jar;D:\Software\mavenRepo\org\springframework\plugin\spring-plugin-core\1.2.0.RELEASE\spring-plugin-core-1.2.0.RELEASE.jar;D:\Software\mavenRepo\org\springframework\plugin\spring-plugin-metadata\1.2.0.RELEASE\spring-plugin-metadata-1.2.0.RELEASE.jar;D:\Software\mavenRepo\org\mapstruct\mapstruct\1.2.0.Final\mapstruct-1.2.0.Final.jar;D:\Software\mavenRepo\io\springfox\springfox-bean-validators\2.9.2\springfox-bean-validators-2.9.2.jar;D:\Software\mavenRepo\com\github\xiaoymin\knife4j-spring-ui\2.0.2\knife4j-spring-ui-2.0.2.jar;D:\Software\mavenRepo\io\jsonwebtoken\jjwt\0.9.1\jjwt-0.9.1.jar;D:\Software\mavenRepo\com\fasterxml\jackson\core\jackson-databind\2.9.9\jackson-databind-2.9.9.jar;D:\Software\mavenRepo\com\fasterxml\jackson\core\jackson-annotations\2.9.0\jackson-annotations-2.9.0.jar;D:\Software\mavenRepo\com\fasterxml\jackson\core\jackson-core\2.9.9\jackson-core-2.9.9.jar;D:\Software\mavenRepo\com\baomidou\mybatis-plus-boot-starter\3.3.2\mybatis-plus-boot-starter-3.3.2.jar;D:\Software\mavenRepo\com\baomidou\mybatis-plus\3.3.2\mybatis-plus-3.3.2.jar;D:\Software\mavenRepo\com\baomidou\mybatis-plus-extension\3.3.2\mybatis-plus-extension-3.3.2.jar;D:\Software\mavenRepo\com\baomidou\mybatis-plus-core\3.3.2\mybatis-plus-core-3.3.2.jar;D:\Software\mavenRepo\com\baomidou\mybatis-plus-annotation\3.3.2\mybatis-plus-annotation-3.3.2.jar;D:\Software\mavenRepo\com\github\jsqlparser\jsqlparser\3.1\jsqlparser-3.1.jar;D:\Software\mavenRepo\org\mybatis\mybatis\3.5.4\mybatis-3.5.4.jar;D:\Software\mavenRepo\org\mybatis\mybatis-spring\2.0.4\mybatis-spring-2.0.4.jar;D:\Software\mavenRepo\org\springframework\boot\spring-boot-starter-jdbc\2.1.6.RELEASE\spring-boot-starter-jdbc-2.1.6.RELEASE.jar;D:\Software\mavenRepo\com\zaxxer\HikariCP\3.2.0\HikariCP-3.2.0.jar;D:\Software\mavenRepo\org\springframework\spring-jdbc\5.1.8.RELEASE\spring-jdbc-5.1.8.RELEASE.jar;D:\Software\mavenRepo\mysql\mysql-connector-java\8.0.18\mysql-connector-java-8.0.18.jar;D:\Software\mavenRepo\com\qiniu\qiniu-java-sdk\7.2.29\qiniu-java-sdk-7.2.29.jar;D:\Software\mavenRepo\com\squareup\okhttp3\okhttp\3.14.4\okhttp-3.14.4.jar;D:\Software\mavenRepo\com\squareup\okio\okio\1.17.2\okio-1.17.2.jar;D:\Software\mavenRepo\com\google\code\gson\gson\2.8.5\gson-2.8.5.jar;D:\Software\mavenRepo\org\springframework\boot\spring-boot-starter-data-redis\2.1.6.RELEASE\spring-boot-starter-data-redis-2.1.6.RELEASE.jar;D:\Software\mavenRepo\org\springframework\data\spring-data-redis\2.1.9.RELEASE\spring-data-redis-2.1.9.RELEASE.jar;D:\Software\mavenRepo\org\springframework\data\spring-data-keyvalue\2.1.9.RELEASE\spring-data-keyvalue-2.1.9.RELEASE.jar;D:\Software\mavenRepo\org\springframework\data\spring-data-commons\2.1.9.RELEASE\spring-data-commons-2.1.9.RELEASE.jar;D:\Software\mavenRepo\org\springframework\spring-tx\5.1.8.RELEASE\spring-tx-5.1.8.RELEASE.jar;D:\Software\mavenRepo\org\springframework\spring-oxm\5.1.8.RELEASE\spring-oxm-5.1.8.RELEASE.jar;D:\Software\mavenRepo\org\springframework\spring-context-support\5.1.8.RELEASE\spring-context-support-5.1.8.RELEASE.jar;D:\Software\mavenRepo\org\slf4j\slf4j-api\1.7.26\slf4j-api-1.7.26.jar;D:\Software\mavenRepo\io\lettuce\lettuce-core\5.1.7.RELEASE\lettuce-core-5.1.7.RELEASE.jar;D:\Software\mavenRepo\io\netty\netty-common\4.1.36.Final\netty-common-4.1.36.Final.jar;D:\Software\mavenRepo\io\netty\netty-handler\4.1.36.Final\netty-handler-4.1.36.Final.jar;D:\Software\mavenRepo\io\netty\netty-buffer\4.1.36.Final\netty-buffer-4.1.36.Final.jar;D:\Software\mavenRepo\io\netty\netty-codec\4.1.36.Final\netty-codec-4.1.36.Final.jar;D:\Software\mavenRepo\io\netty\netty-transport\4.1.36.Final\netty-transport-4.1.36.Final.jar;D:\Software\mavenRepo\io\netty\netty-resolver\4.1.36.Final\netty-resolver-4.1.36.Final.jar;D:\Software\mavenRepo\io\projectreactor\reactor-core\3.2.10.RELEASE\reactor-core-3.2.10.RELEASE.jar;D:\Software\mavenRepo\org\reactivestreams\reactive-streams\1.0.2\reactive-streams-1.0.2.jar;D:\Software\mavenRepo\org\springframework\boot\spring-boot-starter-test\2.1.6.RELEASE\spring-boot-starter-test-2.1.6.RELEASE.jar;D:\Software\mavenRepo\org\springframework\boot\spring-boot-test\2.1.6.RELEASE\spring-boot-test-2.1.6.RELEASE.jar;D:\Software\mavenRepo\org\springframework\boot\spring-boot-test-autoconfigure\2.1.6.RELEASE\spring-boot-test-autoconfigure-2.1.6.RELEASE.jar;D:\Software\mavenRepo\com\jayway\jsonpath\json-path\2.4.0\json-path-2.4.0.jar;D:\Software\mavenRepo\net\minidev\json-smart\2.3\json-smart-2.3.jar;D:\Software\mavenRepo\net\minidev\accessors-smart\1.2\accessors-smart-1.2.jar;D:\Software\mavenRepo\org\ow2\asm\asm\5.0.4\asm-5.0.4.jar;D:\Software\mavenRepo\junit\junit\4.12\junit-4.12.jar;D:\Software\mavenRepo\org\assertj\assertj-core\3.11.1\assertj-core-3.11.1.jar;D:\Software\mavenRepo\org\mockito\mockito-core\2.23.4\mockito-core-2.23.4.jar;D:\Software\mavenRepo\net\bytebuddy\byte-buddy\1.9.13\byte-buddy-1.9.13.jar;D:\Software\mavenRepo\net\bytebuddy\byte-buddy-agent\1.9.13\byte-buddy-agent-1.9.13.jar;D:\Software\mavenRepo\org\objenesis\objenesis\2.6\objenesis-2.6.jar;D:\Software\mavenRepo\org\hamcrest\hamcrest-core\1.3\hamcrest-core-1.3.jar;D:\Software\mavenRepo\org\hamcrest\hamcrest-library\1.3\hamcrest-library-1.3.jar;D:\Software\mavenRepo\org\skyscreamer\jsonassert\1.5.0\jsonassert-1.5.0.jar;D:\Software\mavenRepo\com\vaadin\external\google\android-json\0.0.20131108.vaadin1\android-json-0.0.20131108.vaadin1.jar;D:\Software\mavenRepo\org\springframework\spring-test\5.1.8.RELEASE\spring-test-5.1.8.RELEASE.jar;D:\Software\mavenRepo\org\xmlunit\xmlunit-core\2.6.2\xmlunit-core-2.6.2.jar;D:\Software\mavenRepo\javax\xml\bind\jaxb-api\2.3.0\jaxb-api-2.3.0.jar;D:\Software\mavenRepo\com\sun\xml\bind\jaxb-impl\2.3.0\jaxb-impl-2.3.0.jar;D:\Software\mavenRepo\com\sun\xml\bind\jaxb-core\2.3.0\jaxb-core-2.3.0.jar;D:\Software\mavenRepo\javax\activation\activation\1.1.1\activation-1.1.1.jar;"/>
    <property name="java.vm.vendor" value="Oracle Corporation"/>
    <property name="sun.arch.data.model" value="64"/>
    <property name="user.variant" value=""/>
    <property name="java.vendor.url" value="http://java.oracle.com/"/>
    <property name="user.timezone" value="Asia/Shanghai"/>
    <property name="java.vm.specification.version" value="11"/>
    <property name="os.name" value="Windows 10"/>
    <property name="sun.java.launcher" value="SUN_STANDARD"/>
    <property name="user.country" value="CN"/>
    <property name="sun.boot.library.path" value="C:\Program Files\Java\jdk-11.0.2\bin"/>
    <property name="sun.java.command" value="C:\Users\a1583\AppData\Local\Temp\surefire2526059498178886171\surefirebooter10596237549948401657.jar C:\Users\a1583\AppData\Local\Temp\surefire2526059498178886171 2022-02-26T14-37-34_236-jvmRun1 surefire4844409503220028556tmp surefire_012460446062016709281tmp"/>
    <property name="jdk.debug" value="release"/>
    <property name="surefire.test.class.path" value="D:\Software\ideaProject\blog\target\test-classes;D:\Software\ideaProject\blog\target\classes;D:\Software\mavenRepo\org\springframework\boot\spring-boot-starter\2.1.6.RELEASE\spring-boot-starter-2.1.6.RELEASE.jar;D:\Software\mavenRepo\org\springframework\boot\spring-boot\2.1.6.RELEASE\spring-boot-2.1.6.RELEASE.jar;D:\Software\mavenRepo\org\springframework\spring-context\5.1.8.RELEASE\spring-context-5.1.8.RELEASE.jar;D:\Software\mavenRepo\org\springframework\boot\spring-boot-autoconfigure\2.1.6.RELEASE\spring-boot-autoconfigure-2.1.6.RELEASE.jar;D:\Software\mavenRepo\org\springframework\boot\spring-boot-starter-logging\2.1.6.RELEASE\spring-boot-starter-logging-2.1.6.RELEASE.jar;D:\Software\mavenRepo\ch\qos\logback\logback-classic\1.2.3\logback-classic-1.2.3.jar;D:\Software\mavenRepo\ch\qos\logback\logback-core\1.2.3\logback-core-1.2.3.jar;D:\Software\mavenRepo\org\apache\logging\log4j\log4j-to-slf4j\2.11.2\log4j-to-slf4j-2.11.2.jar;D:\Software\mavenRepo\org\apache\logging\log4j\log4j-api\2.11.2\log4j-api-2.11.2.jar;D:\Software\mavenRepo\org\slf4j\jul-to-slf4j\1.7.26\jul-to-slf4j-1.7.26.jar;D:\Software\mavenRepo\javax\annotation\javax.annotation-api\1.3.2\javax.annotation-api-1.3.2.jar;D:\Software\mavenRepo\org\springframework\spring-core\5.1.8.RELEASE\spring-core-5.1.8.RELEASE.jar;D:\Software\mavenRepo\org\springframework\spring-jcl\5.1.8.RELEASE\spring-jcl-5.1.8.RELEASE.jar;D:\Software\mavenRepo\org\yaml\snakeyaml\1.23\snakeyaml-1.23.jar;D:\Software\mavenRepo\org\springframework\boot\spring-boot-starter-web\2.1.6.RELEASE\spring-boot-starter-web-2.1.6.RELEASE.jar;D:\Software\mavenRepo\org\springframework\boot\spring-boot-starter-json\2.1.6.RELEASE\spring-boot-starter-json-2.1.6.RELEASE.jar;D:\Software\mavenRepo\com\fasterxml\jackson\datatype\jackson-datatype-jdk8\2.9.9\jackson-datatype-jdk8-2.9.9.jar;D:\Software\mavenRepo\com\fasterxml\jackson\datatype\jackson-datatype-jsr310\2.9.9\jackson-datatype-jsr310-2.9.9.jar;D:\Software\mavenRepo\com\fasterxml\jackson\module\jackson-module-parameter-names\2.9.9\jackson-module-parameter-names-2.9.9.jar;D:\Software\mavenRepo\org\hibernate\validator\hibernate-validator\6.0.17.Final\hibernate-validator-6.0.17.Final.jar;D:\Software\mavenRepo\javax\validation\validation-api\2.0.1.Final\validation-api-2.0.1.Final.jar;D:\Software\mavenRepo\org\jboss\logging\jboss-logging\3.3.2.Final\jboss-logging-3.3.2.Final.jar;D:\Software\mavenRepo\com\fasterxml\classmate\1.4.0\classmate-1.4.0.jar;D:\Software\mavenRepo\org\springframework\spring-web\5.1.8.RELEASE\spring-web-5.1.8.RELEASE.jar;D:\Software\mavenRepo\org\springframework\spring-beans\5.1.8.RELEASE\spring-beans-5.1.8.RELEASE.jar;D:\Software\mavenRepo\org\springframework\spring-webmvc\5.1.8.RELEASE\spring-webmvc-5.1.8.RELEASE.jar;D:\Software\mavenRepo\org\springframework\spring-aop\5.1.8.RELEASE\spring-aop-5.1.8.RELEASE.jar;D:\Software\mavenRepo\org\springframework\spring-expression\5.1.8.RELEASE\spring-expression-5.1.8.RELEASE.jar;D:\Software\mavenRepo\org\springframework\boot\spring-boot-starter-undertow\2.1.6.RELEASE\spring-boot-starter-undertow-2.1.6.RELEASE.jar;D:\Software\mavenRepo\io\undertow\undertow-core\2.0.21.Final\undertow-core-2.0.21.Final.jar;D:\Software\mavenRepo\org\jboss\xnio\xnio-api\3.3.8.Final\xnio-api-3.3.8.Final.jar;D:\Software\mavenRepo\org\jboss\xnio\xnio-nio\3.3.8.Final\xnio-nio-3.3.8.Final.jar;D:\Software\mavenRepo\io\undertow\undertow-servlet\2.0.21.Final\undertow-servlet-2.0.21.Final.jar;D:\Software\mavenRepo\org\jboss\spec\javax\annotation\jboss-annotations-api_1.2_spec\1.0.2.Final\jboss-annotations-api_1.2_spec-1.0.2.Final.jar;D:\Software\mavenRepo\io\undertow\undertow-websockets-jsr\2.0.21.Final\undertow-websockets-jsr-2.0.21.Final.jar;D:\Software\mavenRepo\org\jboss\spec\javax\websocket\jboss-websocket-api_1.1_spec\1.1.4.Final\jboss-websocket-api_1.1_spec-1.1.4.Final.jar;D:\Software\mavenRepo\javax\servlet\javax.servlet-api\4.0.1\javax.servlet-api-4.0.1.jar;D:\Software\mavenRepo\org\glassfish\javax.el\3.0.0\javax.el-3.0.0.jar;D:\Software\mavenRepo\org\projectlombok\lombok\1.18.8\lombok-1.18.8.jar;D:\Software\mavenRepo\cn\hutool\hutool-all\4.6.1\hutool-all-4.6.1.jar;D:\Software\mavenRepo\com\github\xiaoymin\knife4j-spring-boot-starter\2.0.2\knife4j-spring-boot-starter-2.0.2.jar;D:\Software\mavenRepo\com\github\xiaoymin\knife4j-spring-boot-autoconfigure\2.0.2\knife4j-spring-boot-autoconfigure-2.0.2.jar;D:\Software\mavenRepo\com\github\xiaoymin\knife4j-spring\2.0.2\knife4j-spring-2.0.2.jar;D:\Software\mavenRepo\com\github\xiaoymin\knife4j-annotations\2.0.2\knife4j-annotations-2.0.2.jar;D:\Software\mavenRepo\com\github\xiaoymin\knife4j-core\2.0.2\knife4j-core-2.0.2.jar;D:\Software\mavenRepo\org\javassist\javassist\3.25.0-GA\javassist-3.25.0-GA.jar;D:\Software\mavenRepo\io\swagger\swagger-models\1.5.22\swagger-models-1.5.22.jar;D:\Software\mavenRepo\io\swagger\swagger-annotations\1.5.22\swagger-annotations-1.5.22.jar;D:\Software\mavenRepo\io\springfox\springfox-swagger2\2.9.2\springfox-swagger2-2.9.2.jar;D:\Software\mavenRepo\io\springfox\springfox-spi\2.9.2\springfox-spi-2.9.2.jar;D:\Software\mavenRepo\io\springfox\springfox-core\2.9.2\springfox-core-2.9.2.jar;D:\Software\mavenRepo\io\springfox\springfox-schema\2.9.2\springfox-schema-2.9.2.jar;D:\Software\mavenRepo\io\springfox\springfox-swagger-common\2.9.2\springfox-swagger-common-2.9.2.jar;D:\Software\mavenRepo\io\springfox\springfox-spring-web\2.9.2\springfox-spring-web-2.9.2.jar;D:\Software\mavenRepo\com\google\guava\guava\20.0\guava-20.0.jar;D:\Software\mavenRepo\org\springframework\plugin\spring-plugin-core\1.2.0.RELEASE\spring-plugin-core-1.2.0.RELEASE.jar;D:\Software\mavenRepo\org\springframework\plugin\spring-plugin-metadata\1.2.0.RELEASE\spring-plugin-metadata-1.2.0.RELEASE.jar;D:\Software\mavenRepo\org\mapstruct\mapstruct\1.2.0.Final\mapstruct-1.2.0.Final.jar;D:\Software\mavenRepo\io\springfox\springfox-bean-validators\2.9.2\springfox-bean-validators-2.9.2.jar;D:\Software\mavenRepo\com\github\xiaoymin\knife4j-spring-ui\2.0.2\knife4j-spring-ui-2.0.2.jar;D:\Software\mavenRepo\io\jsonwebtoken\jjwt\0.9.1\jjwt-0.9.1.jar;D:\Software\mavenRepo\com\fasterxml\jackson\core\jackson-databind\2.9.9\jackson-databind-2.9.9.jar;D:\Software\mavenRepo\com\fasterxml\jackson\core\jackson-annotations\2.9.0\jackson-annotations-2.9.0.jar;D:\Software\mavenRepo\com\fasterxml\jackson\core\jackson-core\2.9.9\jackson-core-2.9.9.jar;D:\Software\mavenRepo\com\baomidou\mybatis-plus-boot-starter\3.3.2\mybatis-plus-boot-starter-3.3.2.jar;D:\Software\mavenRepo\com\baomidou\mybatis-plus\3.3.2\mybatis-plus-3.3.2.jar;D:\Software\mavenRepo\com\baomidou\mybatis-plus-extension\3.3.2\mybatis-plus-extension-3.3.2.jar;D:\Software\mavenRepo\com\baomidou\mybatis-plus-core\3.3.2\mybatis-plus-core-3.3.2.jar;D:\Software\mavenRepo\com\baomidou\mybatis-plus-annotation\3.3.2\mybatis-plus-annotation-3.3.2.jar;D:\Software\mavenRepo\com\github\jsqlparser\jsqlparser\3.1\jsqlparser-3.1.jar;D:\Software\mavenRepo\org\mybatis\mybatis\3.5.4\mybatis-3.5.4.jar;D:\Software\mavenRepo\org\mybatis\mybatis-spring\2.0.4\mybatis-spring-2.0.4.jar;D:\Software\mavenRepo\org\springframework\boot\spring-boot-starter-jdbc\2.1.6.RELEASE\spring-boot-starter-jdbc-2.1.6.RELEASE.jar;D:\Software\mavenRepo\com\zaxxer\HikariCP\3.2.0\HikariCP-3.2.0.jar;D:\Software\mavenRepo\org\springframework\spring-jdbc\5.1.8.RELEASE\spring-jdbc-5.1.8.RELEASE.jar;D:\Software\mavenRepo\mysql\mysql-connector-java\8.0.18\mysql-connector-java-8.0.18.jar;D:\Software\mavenRepo\com\qiniu\qiniu-java-sdk\7.2.29\qiniu-java-sdk-7.2.29.jar;D:\Software\mavenRepo\com\squareup\okhttp3\okhttp\3.14.4\okhttp-3.14.4.jar;D:\Software\mavenRepo\com\squareup\okio\okio\1.17.2\okio-1.17.2.jar;D:\Software\mavenRepo\com\google\code\gson\gson\2.8.5\gson-2.8.5.jar;D:\Software\mavenRepo\org\springframework\boot\spring-boot-starter-data-redis\2.1.6.RELEASE\spring-boot-starter-data-redis-2.1.6.RELEASE.jar;D:\Software\mavenRepo\org\springframework\data\spring-data-redis\2.1.9.RELEASE\spring-data-redis-2.1.9.RELEASE.jar;D:\Software\mavenRepo\org\springframework\data\spring-data-keyvalue\2.1.9.RELEASE\spring-data-keyvalue-2.1.9.RELEASE.jar;D:\Software\mavenRepo\org\springframework\data\spring-data-commons\2.1.9.RELEASE\spring-data-commons-2.1.9.RELEASE.jar;D:\Software\mavenRepo\org\springframework\spring-tx\5.1.8.RELEASE\spring-tx-5.1.8.RELEASE.jar;D:\Software\mavenRepo\org\springframework\spring-oxm\5.1.8.RELEASE\spring-oxm-5.1.8.RELEASE.jar;D:\Software\mavenRepo\org\springframework\spring-context-support\5.1.8.RELEASE\spring-context-support-5.1.8.RELEASE.jar;D:\Software\mavenRepo\org\slf4j\slf4j-api\1.7.26\slf4j-api-1.7.26.jar;D:\Software\mavenRepo\io\lettuce\lettuce-core\5.1.7.RELEASE\lettuce-core-5.1.7.RELEASE.jar;D:\Software\mavenRepo\io\netty\netty-common\4.1.36.Final\netty-common-4.1.36.Final.jar;D:\Software\mavenRepo\io\netty\netty-handler\4.1.36.Final\netty-handler-4.1.36.Final.jar;D:\Software\mavenRepo\io\netty\netty-buffer\4.1.36.Final\netty-buffer-4.1.36.Final.jar;D:\Software\mavenRepo\io\netty\netty-codec\4.1.36.Final\netty-codec-4.1.36.Final.jar;D:\Software\mavenRepo\io\netty\netty-transport\4.1.36.Final\netty-transport-4.1.36.Final.jar;D:\Software\mavenRepo\io\netty\netty-resolver\4.1.36.Final\netty-resolver-4.1.36.Final.jar;D:\Software\mavenRepo\io\projectreactor\reactor-core\3.2.10.RELEASE\reactor-core-3.2.10.RELEASE.jar;D:\Software\mavenRepo\org\reactivestreams\reactive-streams\1.0.2\reactive-streams-1.0.2.jar;D:\Software\mavenRepo\org\springframework\boot\spring-boot-starter-test\2.1.6.RELEASE\spring-boot-starter-test-2.1.6.RELEASE.jar;D:\Software\mavenRepo\org\springframework\boot\spring-boot-test\2.1.6.RELEASE\spring-boot-test-2.1.6.RELEASE.jar;D:\Software\mavenRepo\org\springframework\boot\spring-boot-test-autoconfigure\2.1.6.RELEASE\spring-boot-test-autoconfigure-2.1.6.RELEASE.jar;D:\Software\mavenRepo\com\jayway\jsonpath\json-path\2.4.0\json-path-2.4.0.jar;D:\Software\mavenRepo\net\minidev\json-smart\2.3\json-smart-2.3.jar;D:\Software\mavenRepo\net\minidev\accessors-smart\1.2\accessors-smart-1.2.jar;D:\Software\mavenRepo\org\ow2\asm\asm\5.0.4\asm-5.0.4.jar;D:\Software\mavenRepo\junit\junit\4.12\junit-4.12.jar;D:\Software\mavenRepo\org\assertj\assertj-core\3.11.1\assertj-core-3.11.1.jar;D:\Software\mavenRepo\org\mockito\mockito-core\2.23.4\mockito-core-2.23.4.jar;D:\Software\mavenRepo\net\bytebuddy\byte-buddy\1.9.13\byte-buddy-1.9.13.jar;D:\Software\mavenRepo\net\bytebuddy\byte-buddy-agent\1.9.13\byte-buddy-agent-1.9.13.jar;D:\Software\mavenRepo\org\objenesis\objenesis\2.6\objenesis-2.6.jar;D:\Software\mavenRepo\org\hamcrest\hamcrest-core\1.3\hamcrest-core-1.3.jar;D:\Software\mavenRepo\org\hamcrest\hamcrest-library\1.3\hamcrest-library-1.3.jar;D:\Software\mavenRepo\org\skyscreamer\jsonassert\1.5.0\jsonassert-1.5.0.jar;D:\Software\mavenRepo\com\vaadin\external\google\android-json\0.0.20131108.vaadin1\android-json-0.0.20131108.vaadin1.jar;D:\Software\mavenRepo\org\springframework\spring-test\5.1.8.RELEASE\spring-test-5.1.8.RELEASE.jar;D:\Software\mavenRepo\org\xmlunit\xmlunit-core\2.6.2\xmlunit-core-2.6.2.jar;D:\Software\mavenRepo\javax\xml\bind\jaxb-api\2.3.0\jaxb-api-2.3.0.jar;D:\Software\mavenRepo\com\sun\xml\bind\jaxb-impl\2.3.0\jaxb-impl-2.3.0.jar;D:\Software\mavenRepo\com\sun\xml\bind\jaxb-core\2.3.0\jaxb-core-2.3.0.jar;D:\Software\mavenRepo\javax\activation\activation\1.1.1\activation-1.1.1.jar;"/>
    <property name="sun.cpu.endian" value="little"/>
    <property name="user.home" value="C:\Users\a1583"/>
    <property name="user.language" value="zh"/>
    <property name="java.specification.vendor" value="Oracle Corporation"/>
    <property name="java.version.date" value="2019-01-15"/>
    <property name="java.home" value="C:\Program Files\Java\jdk-11.0.2"/>
    <property name="file.separator" value="\"/>
    <property name="basedir" value="D:\Software\ideaProject\blog"/>
    <property name="java.vm.compressedOopsMode" value="Zero based"/>
    <property name="line.separator" value="&#10;"/>
    <property name="java.specification.name" value="Java Platform API Specification"/>
    <property name="java.vm.specification.vendor" value="Oracle Corporation"/>
    <property name="java.awt.graphicsenv" value="sun.awt.Win32GraphicsEnvironment"/>
    <property name="idea.version2020.1.1" value="true"/>
    <property name="surefire.real.class.path" value="C:\Users\a1583\AppData\Local\Temp\surefire2526059498178886171\surefirebooter10596237549948401657.jar"/>
    <property name="user.script" value=""/>
    <property name="sun.management.compiler" value="HotSpot 64-Bit Tiered Compilers"/>
    <property name="java.runtime.version" value="11.0.2+9-LTS"/>
    <property name="user.name" value="a1583"/>
    <property name="path.separator" value=";"/>
    <property name="os.version" value="10.0"/>
    <property name="java.runtime.name" value="Java(TM) SE Runtime Environment"/>
    <property name="file.encoding" value="GBK"/>
    <property name="java.vm.name" value="Java HotSpot(TM) 64-Bit Server VM"/>
    <property name="java.vendor.version" value="18.9"/>
    <property name="localRepository" value="D:\Software\mavenRepo"/>
    <property name="java.vendor.url.bug" value="http://bugreport.java.com/bugreport/"/>
    <property name="java.io.tmpdir" value="C:\Users\a1583\AppData\Local\Temp\"/>
    <property name="java.version" value="11.0.2"/>
    <property name="user.dir" value="D:\Software\ideaProject\blog"/>
    <property name="os.arch" value="amd64"/>
    <property name="java.vm.specification.name" value="Java Virtual Machine Specification"/>
    <property name="java.awt.printerjob" value="sun.awt.windows.WPrinterJob"/>
    <property name="sun.os.patch.level" value=""/>
    <property name="java.library.path" value="C:\Program Files\Java\jdk-11.0.2\bin;C:\Windows\Sun\Java\bin;C:\Windows\system32;C:\Windows;D:\app\a1583\product\11.2.0\dbhome_1\bin;C:\Program Files\Java\jdk1.8.0_212\bin;D:\Software\Xshell\;D:\Software\Xftp\;C:\Program Files\nodejs\;C:\ProgramData\chocolatey\bin;C:\Windows\system32;D:\Software\OpenSSL-Win64\bin;D:\Scoop\shims;C:\Users\a1583\AppData\Local\Programs\Python\Python39\Scripts\;C:\Users\a1583\AppData\Local\Programs\Python\Python39\;C:\Users\a1583\AppData\Local\Microsoft\WindowsApps;D:\Software\Bandzip\;D:\Software\apache-maven-3.8.3\bin;C:\Users\a1583\AppData\Roaming\npm;."/>
    <property name="java.vendor" value="Oracle Corporation"/>
    <property name="java.vm.info" value="mixed mode"/>
    <property name="java.vm.version" value="11.0.2+9-LTS"/>
    <property name="sun.io.unicode.encoding" value="UnicodeLittle"/>
    <property name="maven.repo.local" value="D:\Software\mavenRepo"/>
    <property name="java.class.version" value="55.0"/>
  </properties>
  <testcase name="timeline" classname="com.gnz.blog.test.ArticleServiceTest" time="1.882"/>
  <testcase name="solveTime" classname="com.gnz.blog.test.ArticleServiceTest" time="0.227"/>
</testsuite>